8273:Rocky Raccoon:08.10.17:D:520.00
1902:Nancy Magill:08.10.29:D:770
8273:Rocky Raccoon:08.11.01:W:20.00
1902:Nancy Magill:08.11.14:W:51
8273:Rocky Raccoon:08.11.17:W:60.00
5883:Rocky Raccoon:08.11.17:D:60.00
4224:Penny Lane:08.11.28:W:20.00
4234:dy:18.12.03:D:34324

4234:dy:18.12.03:D:34324

4000:Saugat:18.12.03:D:3400

4000:Saugat:18.12.03:D:3400
4000:Saugat:18.12.03:W:200
4000:Saugat:18.12.03:D:100

9000:Albin:18.12.03:D:2000

9000:Albin:18.12.03:D:2000
9000:Albin:18.12.03:W:200

3000:Hello:18.12.03:D:100

3000:Hello:18.12.03:D:100
3000:Hello:18.12.03:D:120

3333:ádf:18.12.03:D:3333

3333:ádf:18.12.03:D:3333

2000:phuong:18.12.03:D:34200

2000:phuong:18.12.03:D:34200
2000:phuong:18.12.03:W:200

1000:duuuuuuuu:18.12.03:D:32030

1000:duuuuuuuu:18.12.03:D:2304
